# JRE version: Java(TM) SE Runtime Environment (8.0_162-b12) (build 1.8.0_162-b12)
# Java VM: Java HotSpot(TM) 64-Bit Server VM (25.162-b12 mixed mode windows-amd64 compressed oops)
Heap:
 PSYoungGen      total 203776K, used 167625K [0x00000000d6200000, 0x00000000e4300000, 0x0000000100000000)
  eden space 189440K, 80% used [0x00000000d6200000,0x00000000df7b43a0,0x00000000e1b00000)
  from space 14336K, 99% used [0x00000000e2d80000,0x00000000e3b7e428,0x00000000e3b80000)
  to   space 18944K, 0% used [0x00000000e1b00000,0x00000000e1b00000,0x00000000e2d80000)
 ParOldGen       total 68096K, used 23750K [0x0000000082600000, 0x0000000086880000, 0x00000000d6200000)
  object space 68096K, 34% used [0x0000000082600000,0x0000000083d31878,0x0000000086880000)
 Metaspace       used 30507K, capacity 31356K, committed 31616K, reserved 1077248K
  class space    used 3446K, capacity 3693K, committed 3712K, reserved 1048576K
GC Heap History (10 events):
Event: 3.086 GC heap before
{Heap before GC invocations=5 (full 0):
 PSYoungGen      total 70656K, used 70640K [0x00000000d6200000, 0x00000000dac00000, 0x0000000100000000)
  eden space 65536K, 100% used [0x00000000d6200000,0x00000000da200000,0x00000000da200000)
  from space 5120K, 99% used [0x00000000da700000,0x00000000dabfc010,0x00000000dac00000)
  to   space 5120K, 0% used [0x00000000da200000,0x00000000da200000,0x00000000da700000)
 ParOldGen       total 86016K, used 8763K [0x0000000082600000, 0x0000000087a00000, 0x00000000d6200000)
  object space 86016K, 10% used [0x0000000082600000,0x0000000082e8ee00,0x0000000087a00000)
 Metaspace       used 18351K, capacity 18898K, committed 18944K, reserved 1067008K
  class space    used 2128K, capacity 2302K, committed 2304K, reserved 1048576K
Event: 3.095 GC heap after
Heap after GC invocations=5 (full 0):
 PSYoungGen      total 70656K, used 5104K [0x00000000d6200000, 0x00000000df800000, 0x0000000100000000)
  eden space 65536K, 0% used [0x00000000d6200000,0x00000000d6200000,0x00000000da200000)
  from space 5120K, 99% used [0x00000000da200000,0x00000000da6fc030,0x00000000da700000)
  to   space 11264K, 0% used [0x00000000ded00000,0x00000000ded00000,0x00000000df800000)
 ParOldGen       total 86016K, used 13595K [0x0000000082600000, 0x0000000087a00000, 0x00000000d6200000)
  object space 86016K, 15% used [0x0000000082600000,0x0000000083346e48,0x0000000087a00000)
 Metaspace       used 18351K, capacity 18898K, committed 18944K, reserved 1067008K
  class space    used 2128K, capacity 2302K, committed 2304K, reserved 1048576K
}
Event: 3.314 GC heap before
{Heap before GC invocations=6 (full 0):
 PSYoungGen      total 70656K, used 16927K [0x00000000d6200000, 0x00000000df800000, 0x0000000100000000)
  eden space 65536K, 18% used [0x00000000d6200000,0x00000000d6d8bd40,0x00000000da200000)
  from space 5120K, 99% used [0x00000000da200000,0x00000000da6fc030,0x00000000da700000)
  to   space 11264K, 0% used [0x00000000ded00000,0x00000000ded00000,0x00000000df800000)
 ParOldGen       total 86016K, used 13595K [0x0000000082600000, 0x0000000087a00000, 0x00000000d6200000)
  object space 86016K, 15% used [0x0000000082600000,0x0000000083346e48,0x0000000087a00000)
 Metaspace       used 20607K, capacity 21132K, committed 21296K, reserved 1069056K
  class space    used 2421K, capacity 2604K, committed 2688K, reserved 1048576K
Event: 3.322 GC heap after
Heap after GC invocations=6 (full 0):
 PSYoungGen      total 142336K, used 6717K [0x00000000d6200000, 0x00000000df800000, 0x0000000100000000)
  eden space 131072K, 0% used [0x00000000d6200000,0x00000000d6200000,0x00000000de200000)
  from space 11264K, 59% used [0x00000000ded00000,0x00000000df38f4a0,0x00000000df800000)
  to   space 11264K, 0% used [0x00000000de200000,0x00000000de200000,0x00000000ded00000)
 ParOldGen       total 86016K, used 13603K [0x0000000082600000, 0x0000000087a00000, 0x00000000d6200000)
  object space 86016K, 15% used [0x0000000082600000,0x0000000083348e48,0x0000000087a00000)
 Metaspace       used 20607K, capacity 21132K, committed 21296K, reserved 1069056K
  class space    used 2421K, capacity 2604K, committed 2688K, reserved 1048576K
}
Event: 3.322 GC heap before
{Heap before GC invocations=7 (full 1):
 PSYoungGen      total 142336K, used 6717K [0x00000000d6200000, 0x00000000df800000, 0x0000000100000000)
  eden space 131072K, 0% used [0x00000000d6200000,0x00000000d6200000,0x00000000de200000)
  from space 11264K, 59% used [0x00000000ded00000,0x00000000df38f4a0,0x00000000df800000)
  to   space 11264K, 0% used [0x00000000de200000,0x00000000de200000,0x00000000ded00000)
 ParOldGen       total 86016K, used 13603K [0x0000000082600000, 0x0000000087a00000, 0x00000000d6200000)
  object space 86016K, 15% used [0x0000000082600000,0x0000000083348e48,0x0000000087a00000)
 Metaspace       used 20607K, capacity 21132K, committed 21296K, reserved 1069056K
  class space    used 2421K, capacity 2604K, committed 2688K, reserved 1048576K
Event: 3.377 GC heap after
Heap after GC invocations=7 (full 1):
 PSYoungGen      total 142336K, used 0K [0x00000000d6200000, 0x00000000df800000, 0x0000000100000000)
  eden space 131072K, 0% used [0x00000000d6200000,0x00000000d6200000,0x00000000de200000)
  from space 11264K, 0% used [0x00000000ded00000,0x00000000ded00000,0x00000000df800000)
  to   space 11264K, 0% used [0x00000000de200000,0x00000000de200000,0x00000000ded00000)
 ParOldGen       total 68096K, used 13215K [0x0000000082600000, 0x0000000086880000, 0x00000000d6200000)
  object space 68096K, 19% used [0x0000000082600000,0x00000000832e7f70,0x0000000086880000)
 Metaspace       used 20607K, capacity 21132K, committed 21296K, reserved 1069056K
  class space    used 2421K, capacity 2604K, committed 2688K, reserved 1048576K
}
Event: 4.748 GC heap before
{Heap before GC invocations=8 (full 1):
 PSYoungGen      total 142336K, used 131072K [0x00000000d6200000, 0x00000000df800000, 0x0000000100000000)
  eden space 131072K, 100% used [0x00000000d6200000,0x00000000de200000,0x00000000de200000)
  from space 11264K, 0% used [0x00000000ded00000,0x00000000ded00000,0x00000000df800000)
  to   space 11264K, 0% used [0x00000000de200000,0x00000000de200000,0x00000000ded00000)
 ParOldGen       total 68096K, used 13215K [0x0000000082600000, 0x0000000086880000, 0x00000000d6200000)
  object space 68096K, 19% used [0x0000000082600000,0x00000000832e7f70,0x0000000086880000)
 Metaspace       used 25599K, capacity 26328K, committed 26496K, reserved 1073152K
  class space    used 2971K, capacity 3156K, committed 3200K, reserved 1048576K
Event: 4.757 GC heap after
Heap after GC invocations=8 (full 1):
 PSYoungGen      total 142336K, used 11244K [0x00000000d6200000, 0x00000000e3b80000, 0x0000000100000000)
  eden space 131072K, 0% used [0x00000000d6200000,0x00000000d6200000,0x00000000de200000)
  from space 11264K, 99% used [0x00000000de200000,0x00000000decfb370,0x00000000ded00000)
  to   space 14336K, 0% used [0x00000000e2d80000,0x00000000e2d80000,0x00000000e3b80000)
 ParOldGen       total 68096K, used 16954K [0x0000000082600000, 0x0000000086880000, 0x00000000d6200000)
  object space 68096K, 24% used [0x0000000082600000,0x000000008368eb30,0x0000000086880000)
 Metaspace       used 25599K, capacity 26328K, committed 26496K, reserved 1073152K
  class space    used 2971K, capacity 3156K, committed 3200K, reserved 1048576K
}
Event: 5.718 GC heap before
{Heap before GC invocations=9 (full 1):
 PSYoungGen      total 142336K, used 142316K [0x00000000d6200000, 0x00000000e3b80000, 0x0000000100000000)
  eden space 131072K, 100% used [0x00000000d6200000,0x00000000de200000,0x00000000de200000)
  from space 11264K, 99% used [0x00000000de200000,0x00000000decfb370,0x00000000ded00000)
  to   space 14336K, 0% used [0x00000000e2d80000,0x00000000e2d80000,0x00000000e3b80000)
 ParOldGen       total 68096K, used 16954K [0x0000000082600000, 0x0000000086880000, 0x00000000d6200000)
  object space 68096K, 24% used [0x0000000082600000,0x000000008368eb30,0x0000000086880000)
 Metaspace       used 27320K, capacity 28056K, committed 28160K, reserved 1075200K
  class space    used 3106K, capacity 3323K, committed 3328K, reserved 1048576K
Event: 5.731 GC heap after
Heap after GC invocations=9 (full 1):
 PSYoungGen      total 203776K, used 14329K [0x00000000d6200000, 0x00000000e4300000, 0x0000000100000000)
  eden space 189440K, 0% used [0x00000000d6200000,0x00000000d6200000,0x00000000e1b00000)
  from space 14336K, 99% used [0x00000000e2d80000,0x00000000e3b7e428,0x00000000e3b80000)
  to   space 18944K, 0% used [0x00000000e1b00000,0x00000000e1b00000,0x00000000e2d80000)
 ParOldGen       total 68096K, used 23750K [0x0000000082600000, 0x0000000086880000, 0x00000000d6200000)
  object space 68096K, 34% used [0x0000000082600000,0x0000000083d31878,0x0000000086880000)
 Metaspace       used 27320K, capacity 28056K, committed 28160K, reserved 1075200K
  class space    used 3106K, capacity 3323K, committed 3328K, reserved 1048576K
}

